

Microchip MPLAB XC8 Assembler V2.35 build 20211206165544 
                                                                                               Mon Apr 04 20:51:40 2022

Microchip MPLAB XC8 C Compiler v2.35 (Free license) build 20211206165544 Og1 
     1                           	processor	16F887
     2                           	pagewidth 120
     3                           	opt	flic
     4                           	psect	idataBANK0,global,class=CODE,delta=2,noexec
     5                           	psect	nvCOMMON,global,class=COMMON,space=1,delta=1,noexec
     6                           	psect	nvBANK0,global,class=BANK0,space=1,delta=1,noexec
     7                           	psect	cinit,global,class=CODE,merge=1,delta=2
     8                           	psect	bssCOMMON,global,class=COMMON,space=1,delta=1,noexec
     9                           	psect	bssBANK0,global,class=BANK0,space=1,delta=1,noexec
    10                           	psect	dataBANK0,global,class=BANK0,space=1,delta=1,noexec
    11                           	psect	inittext,global,class=CODE,delta=2
    12                           	psect	cstackCOMMON,global,class=COMMON,space=1,delta=1,noexec
    13                           	psect	cstackBANK0,global,class=BANK0,space=1,delta=1,noexec
    14                           	psect	maintext,global,class=CODE,split=1,delta=2
    15                           	psect	text1,local,class=CODE,merge=1,delta=2
    16                           	psect	text2,local,class=CODE,merge=1,delta=2
    17                           	psect	text3,local,class=CODE,merge=1,delta=2,group=1
    18                           	psect	text4,local,class=CODE,merge=1,delta=2,group=1
    19                           	psect	text5,local,class=CODE,merge=1,delta=2
    20                           	psect	intentry,global,class=CODE,delta=2
    21                           	psect	idloc,global,abs,ovrld,class=IDLOC,space=5,delta=2,noexec
    22                           	psect	config,global,abs,ovrld,class=CONFIG,space=4,delta=2,noexec
    23                           	dabs	1,0x7E,2
    24  0000                     
    25                           ; Version 2.40
    26                           ; Generated 17/11/2021 GMT
    27                           ; 
    28                           ; Copyright © 2021, Microchip Technology Inc. and its subsidiaries ("Microchip")
    29                           ; All rights reserved.
    30                           ; 
    31                           ; This software is developed by Microchip Technology Inc. and its subsidiaries ("Microch
      +                          ip").
    32                           ; 
    33                           ; Redistribution and use in source and binary forms, with or without modification, are
    34                           ; permitted provided that the following conditions are met:
    35                           ; 
    36                           ;     1. Redistributions of source code must retain the above copyright notice, this lis
      +                          t of
    37                           ;        conditions and the following disclaimer.
    38                           ; 
    39                           ;     2. Redistributions in binary form must reproduce the above copyright notice, this 
      +                          list
    40                           ;        of conditions and the following disclaimer in the documentation and/or other
    41                           ;        materials provided with the distribution. Publication is not required when
    42                           ;        this file is used in an embedded application.
    43                           ; 
    44                           ;     3. Microchip's name may not be used to endorse or promote products derived from th
      +                          is
    45                           ;        software without specific prior written permission.
    46                           ; 
    47                           ; THIS SOFTWARE IS PROVIDED BY MICROCHIP "AS IS" AND ANY EXPRESS OR IMPLIED WARRANTIES,
    48                           ; INCLUDING, BUT NOT LIMITED TO, THE IMPLIED WARRANTIES OF MERCHANTABILITY AND FITNESS F
      +                          OR
    49                           ; PURPOSE ARE DISCLAIMED.  IN NO EVENT SHALL MICROCHIP BE LIABLE FOR ANY DIRECT, INDIREC
      +                          T,
    50                           ; INCIDENTAL, SPECIAL, EXEMPLARY, OR CONSEQUENTIAL DAMAGES (INCLUDING BUT NOT LIMITED TO
    51                           ; PROCUREMENT OF SUBSTITUTE GOODS OR SERVICES; LOSS OF USE, DATA OR PROFITS; OR BUSINESS
    52                           ; INTERRUPTION) HOWSOEVER CAUSED AND ON ANY THEORY OF LIABILITY, WHETHER IN CONTRACT, ST
      +                          RICT
    53                           ; LIABILITY, OR TORT (INCLUDING NEGLIGENCE OR OTHERWISE) ARISING IN ANY WAY OUT OF THE U
      +                          SE OF
    54                           ; THIS SOFTWARE, EVEN IF ADVISED OF THE POSSIBILITY OF SUCH DAMAGE.
    55                           ; 
    56                           ; 
    57                           ; Code-generator required, PIC16F887 Definitions
    58                           ; 
    59                           ; SFR Addresses
    60  0000                     	;# 
    61  0001                     	;# 
    62  0002                     	;# 
    63  0003                     	;# 
    64  0004                     	;# 
    65  0005                     	;# 
    66  0006                     	;# 
    67  0007                     	;# 
    68  0008                     	;# 
    69  0009                     	;# 
    70  000A                     	;# 
    71  000B                     	;# 
    72  000C                     	;# 
    73  000D                     	;# 
    74  000E                     	;# 
    75  000E                     	;# 
    76  000F                     	;# 
    77  0010                     	;# 
    78  0011                     	;# 
    79  0012                     	;# 
    80  0013                     	;# 
    81  0014                     	;# 
    82  0015                     	;# 
    83  0015                     	;# 
    84  0016                     	;# 
    85  0017                     	;# 
    86  0018                     	;# 
    87  0019                     	;# 
    88  001A                     	;# 
    89  001B                     	;# 
    90  001B                     	;# 
    91  001C                     	;# 
    92  001D                     	;# 
    93  001E                     	;# 
    94  001F                     	;# 
    95  0081                     	;# 
    96  0085                     	;# 
    97  0086                     	;# 
    98  0087                     	;# 
    99  0088                     	;# 
   100  0089                     	;# 
   101  008C                     	;# 
   102  008D                     	;# 
   103  008E                     	;# 
   104  008F                     	;# 
   105  0090                     	;# 
   106  0091                     	;# 
   107  0092                     	;# 
   108  0093                     	;# 
   109  0093                     	;# 
   110  0093                     	;# 
   111  0094                     	;# 
   112  0095                     	;# 
   113  0096                     	;# 
   114  0097                     	;# 
   115  0098                     	;# 
   116  0099                     	;# 
   117  009A                     	;# 
   118  009B                     	;# 
   119  009C                     	;# 
   120  009D                     	;# 
   121  009E                     	;# 
   122  009F                     	;# 
   123  0105                     	;# 
   124  0107                     	;# 
   125  0108                     	;# 
   126  0109                     	;# 
   127  010C                     	;# 
   128  010C                     	;# 
   129  010D                     	;# 
   130  010E                     	;# 
   131  010F                     	;# 
   132  0185                     	;# 
   133  0187                     	;# 
   134  0188                     	;# 
   135  0189                     	;# 
   136  018C                     	;# 
   137  018D                     	;# 
   138  0000                     	;# 
   139  0001                     	;# 
   140  0002                     	;# 
   141  0003                     	;# 
   142  0004                     	;# 
   143  0005                     	;# 
   144  0006                     	;# 
   145  0007                     	;# 
   146  0008                     	;# 
   147  0009                     	;# 
   148  000A                     	;# 
   149  000B                     	;# 
   150  000C                     	;# 
   151  000D                     	;# 
   152  000E                     	;# 
   153  000E                     	;# 
   154  000F                     	;# 
   155  0010                     	;# 
   156  0011                     	;# 
   157  0012                     	;# 
   158  0013                     	;# 
   159  0014                     	;# 
   160  0015                     	;# 
   161  0015                     	;# 
   162  0016                     	;# 
   163  0017                     	;# 
   164  0018                     	;# 
   165  0019                     	;# 
   166  001A                     	;# 
   167  001B                     	;# 
   168  001B                     	;# 
   169  001C                     	;# 
   170  001D                     	;# 
   171  001E                     	;# 
   172  001F                     	;# 
   173  0081                     	;# 
   174  0085                     	;# 
   175  0086                     	;# 
   176  0087                     	;# 
   177  0088                     	;# 
   178  0089                     	;# 
   179  008C                     	;# 
   180  008D                     	;# 
   181  008E                     	;# 
   182  008F                     	;# 
   183  0090                     	;# 
   184  0091                     	;# 
   185  0092                     	;# 
   186  0093                     	;# 
   187  0093                     	;# 
   188  0093                     	;# 
   189  0094                     	;# 
   190  0095                     	;# 
   191  0096                     	;# 
   192  0097                     	;# 
   193  0098                     	;# 
   194  0099                     	;# 
   195  009A                     	;# 
   196  009B                     	;# 
   197  009C                     	;# 
   198  009D                     	;# 
   199  009E                     	;# 
   200  009F                     	;# 
   201  0105                     	;# 
   202  0107                     	;# 
   203  0108                     	;# 
   204  0109                     	;# 
   205  010C                     	;# 
   206  010C                     	;# 
   207  010D                     	;# 
   208  010E                     	;# 
   209  010F                     	;# 
   210  0185                     	;# 
   211  0187                     	;# 
   212  0188                     	;# 
   213  0189                     	;# 
   214  018C                     	;# 
   215  018D                     	;# 
   216                           
   217                           	psect	idataBANK0
   218  0222                     __pidataBANK0:
   219                           
   220                           ;initializer for _tabla
   221  0222  343F               	retlw	63
   222  0223  3406               	retlw	6
   223  0224  345B               	retlw	91
   224  0225  344F               	retlw	79
   225  0226  3466               	retlw	102
   226  0227  346D               	retlw	109
   227  0228  347D               	retlw	125
   228  0229  3407               	retlw	7
   229  022A  347F               	retlw	127
   230  022B  346F               	retlw	111
   231  022C  3477               	retlw	119
   232  022D  347C               	retlw	124
   233  022E  3439               	retlw	57
   234  022F  345E               	retlw	94
   235  0230  3479               	retlw	121
   236  0231  3471               	retlw	113
   237                           
   238                           	psect	nvCOMMON
   239  0078                     __pnvCOMMON:
   240  0078                     _residuo:
   241  0078                     	ds	1
   242  0079                     _centenas:
   243  0079                     	ds	1
   244                           
   245                           	psect	nvBANK0
   246  003C                     __pnvBANK0:
   247  003C                     _unidades:
   248  003C                     	ds	1
   249  003D                     _decenas:
   250  003D                     	ds	1
   251  0010                     _T1CONbits	set	16
   252  0001                     _TMR0	set	1
   253  0008                     _PORTD	set	8
   254  000E                     _TMR1L	set	14
   255  000F                     _TMR1H	set	15
   256  0007                     _PORTC	set	7
   257  000C                     _PIR1bits	set	12
   258  0005                     _PORTA	set	5
   259  0006                     _PORTBbits	set	6
   260  000B                     _INTCONbits	set	11
   261  0096                     _IOCBbits	set	150
   262  008C                     _PIE1bits	set	140
   263  0095                     _WPUBbits	set	149
   264  0081                     _OPTION_REGbits	set	129
   265  008F                     _OSCCONbits	set	143
   266  0086                     _TRISB	set	134
   267  0088                     _TRISD	set	136
   268  0087                     _TRISC	set	135
   269  0085                     _TRISA	set	133
   270  0189                     _ANSELH	set	393
   271  0188                     _ANSEL	set	392
   272                           
   273                           	psect	cinit
   274  000F                     start_initialization:	
   275                           ; #config settings
   276                           
   277  000F                     __initialization:
   278                           
   279                           ; Initialize objects allocated to BANK0
   280  000F  1383               	bcf	3,7	;select IRP bank0
   281  0010  3030               	movlw	low (__pdataBANK0+16)
   282  0011  00FD               	movwf	btemp+-1
   283  0012  3002               	movlw	high __pidataBANK0
   284  0013  00FE               	movwf	btemp
   285  0014  3022               	movlw	low __pidataBANK0
   286  0015  00FF               	movwf	btemp+1
   287  0016  3020               	movlw	low __pdataBANK0
   288  0017  0084               	movwf	4
   289  0018  120A  118A  2213  120A  118A  	fcall	init_ram0
   290                           
   291                           ; Clear objects allocated to BANK0
   292  001D  01B9               	clrf	__pbssBANK0& (0+127)
   293  001E  01BA               	clrf	(__pbssBANK0+1)& (0+127)
   294  001F  01BB               	clrf	(__pbssBANK0+2)& (0+127)
   295                           
   296                           ; Clear objects allocated to COMMON
   297  0020  01FA               	clrf	__pbssCOMMON& (0+127)
   298  0021                     end_of_initialization:	
   299                           ;End of C runtime variable initialization code
   300                           
   301  0021                     __end_of__initialization:
   302  0021  0183               	clrf	3
   303  0022  120A  118A  29E8   	ljmp	_main	;jump to C main() function
   304                           
   305                           	psect	bssCOMMON
   306  007A                     __pbssCOMMON:
   307  007A                     _flags:
   308  007A                     	ds	1
   309                           
   310                           	psect	bssBANK0
   311  0039                     __pbssBANK0:
   312  0039                     _display_val:
   313  0039                     	ds	3
   314                           
   315                           	psect	dataBANK0
   316  0020                     __pdataBANK0:
   317  0020                     _tabla:
   318  0020                     	ds	16
   319                           
   320                           	psect	inittext
   321  020F                     init_fetch0:	
   322                           ;	Called with low address in FSR and high address in W
   323                           
   324  020F  087E               	movf	btemp,w
   325  0210  008A               	movwf	10
   326  0211  087F               	movf	btemp+1,w
   327  0212  0082               	movwf	2
   328  0213                     init_ram0:	
   329                           ;Called with:
   330                           ;	high address of idata address in btemp 
   331                           ;	low address of idata address in btemp+1 
   332                           ;	low address of data in FSR
   333                           ;	high address + 1 of data in btemp-1
   334                           
   335  0213  120A  118A  220F  120A  118A  	fcall	init_fetch0
   336  0218  0080               	movwf	0
   337  0219  0A84               	incf	4,f
   338  021A  0804               	movf	4,w
   339  021B  067D               	xorwf	btemp+-1,w
   340  021C  1903               	btfsc	3,2
   341  021D  3400               	retlw	0
   342  021E  0AFF               	incf	btemp+1,f
   343  021F  1903               	btfsc	3,2
   344  0220  0AFE               	incf	btemp,f
   345  0221  2A13               	goto	init_ram0
   346                           
   347                           	psect	cstackCOMMON
   348  0070                     __pcstackCOMMON:
   349  0070                     ?_setup:
   350  0070                     ?_displays:	
   351                           ; 1 bytes @ 0x0
   352                           
   353  0070                     ?_isr:	
   354                           ; 1 bytes @ 0x0
   355                           
   356  0070                     ??_isr:	
   357                           ; 1 bytes @ 0x0
   358                           
   359  0070                     ?_main:	
   360                           ; 1 bytes @ 0x0
   361                           
   362                           
   363                           ; 1 bytes @ 0x0
   364  0070                     	ds	3
   365  0073                     ??_setup:
   366  0073                     ?___awdiv:	
   367                           ; 1 bytes @ 0x3
   368                           
   369  0073                     ?___awmod:	
   370                           ; 2 bytes @ 0x3
   371                           
   372  0073                     ___awdiv@divisor:	
   373                           ; 2 bytes @ 0x3
   374                           
   375  0073                     ___awmod@divisor:	
   376                           ; 2 bytes @ 0x3
   377                           
   378                           
   379                           ; 2 bytes @ 0x3
   380  0073                     	ds	2
   381  0075                     ___awdiv@dividend:
   382  0075                     ___awmod@dividend:	
   383                           ; 2 bytes @ 0x5
   384                           
   385                           
   386                           ; 2 bytes @ 0x5
   387  0075                     	ds	2
   388  0077                     ??___awdiv:
   389  0077                     ??___awmod:	
   390                           ; 1 bytes @ 0x7
   391                           
   392                           
   393                           ; 1 bytes @ 0x7
   394  0077                     	ds	1
   395                           
   396                           	psect	cstackBANK0
   397  0030                     __pcstackBANK0:
   398  0030                     ___awdiv@counter:
   399  0030                     ___awmod@counter:	
   400                           ; 1 bytes @ 0x0
   401                           
   402                           
   403                           ; 1 bytes @ 0x0
   404  0030                     	ds	1
   405  0031                     ___awdiv@sign:
   406  0031                     ___awmod@sign:	
   407                           ; 1 bytes @ 0x1
   408                           
   409                           
   410                           ; 1 bytes @ 0x1
   411  0031                     	ds	1
   412  0032                     ___awdiv@quotient:
   413                           
   414                           ; 2 bytes @ 0x2
   415  0032                     	ds	2
   416  0034                     ??_displays:
   417                           
   418                           ; 1 bytes @ 0x4
   419  0034                     	ds	3
   420  0037                     displays@num:
   421                           
   422                           ; 1 bytes @ 0x7
   423  0037                     	ds	1
   424  0038                     ??_main:
   425                           
   426                           ; 1 bytes @ 0x8
   427  0038                     	ds	1
   428                           
   429                           	psect	maintext
   430  01E8                     __pmaintext:	
   431 ;;
   432 ;;Main: autosize = 0, tempsize = 1, incstack = 0, save=0
   433 ;;
   434 ;; *************** function _main *****************
   435 ;; Defined at:
   436 ;;		line 134 in file "postlab.c"
   437 ;; Parameters:    Size  Location     Type
   438 ;;		None
   439 ;; Auto vars:     Size  Location     Type
   440 ;;		None
   441 ;; Return value:  Size  Location     Type
   442 ;;                  1    wreg      void 
   443 ;; Registers used:
   444 ;;		wreg, fsr0l, fsr0h, status,2, status,0, pclath, cstack
   445 ;; Tracked objects:
   446 ;;		On entry : B00/0
   447 ;;		On exit  : 0/0
   448 ;;		Unchanged: 0/0
   449 ;; Data sizes:     COMMON   BANK0   BANK1   BANK3   BANK2
   450 ;;      Params:         0       0       0       0       0
   451 ;;      Locals:         0       0       0       0       0
   452 ;;      Temps:          0       1       0       0       0
   453 ;;      Totals:         0       1       0       0       0
   454 ;;Total ram usage:        1 bytes
   455 ;; Hardware stack levels required when called: 3
   456 ;; This function calls:
   457 ;;		_displays
   458 ;;		_setup
   459 ;; This function is called by:
   460 ;;		Startup code after reset
   461 ;; This function uses a non-reentrant model
   462 ;;
   463                           
   464  01E8                     _main:	
   465                           ;psect for function _main
   466                           
   467  01E8                     l1173:	
   468                           ;incstack = 0
   469                           ; Regs used in _main: [wreg-fsr0h+status,2+status,0+pclath+cstack]
   470                           
   471                           
   472                           ;postlab.c: 135:     setup();
   473  01E8  120A  118A  21A7  120A  118A  	fcall	_setup
   474  01ED                     l80:	
   475                           ;postlab.c: 136:     while(1){
   476                           
   477                           
   478                           ;postlab.c: 138:     displays(7);
   479  01ED  3007               	movlw	7
   480  01EE  120A  118A  208E  120A  118A  	fcall	_displays
   481  01F3                     l1175:
   482                           
   483                           ;postlab.c: 140:     display_val [0] = tabla[unidades];
   484  01F3  1283               	bcf	3,5	;RP0=0, select bank0
   485  01F4  1303               	bcf	3,6	;RP1=0, select bank0
   486  01F5  083C               	movf	_unidades,w
   487  01F6  3E20               	addlw	(low (_tabla| 0))& (0+255)
   488  01F7  0084               	movwf	4
   489  01F8  1383               	bcf	3,7	;select IRP bank0
   490  01F9  0800               	movf	0,w
   491  01FA  00B8               	movwf	??_main
   492  01FB  0838               	movf	??_main,w
   493  01FC  00B9               	movwf	_display_val
   494  01FD                     l1177:
   495                           
   496                           ;postlab.c: 141:     display_val [1] = tabla[decenas];
   497  01FD  083D               	movf	_decenas,w
   498  01FE  3E20               	addlw	(low (_tabla| 0))& (0+255)
   499  01FF  0084               	movwf	4
   500  0200  0800               	movf	0,w
   501  0201  00B8               	movwf	??_main
   502  0202  0838               	movf	??_main,w
   503  0203  00BA               	movwf	_display_val+1
   504  0204                     l1179:
   505                           
   506                           ;postlab.c: 142:     display_val [2] = tabla[centenas];
   507  0204  0879               	movf	_centenas,w
   508  0205  3E20               	addlw	(low (_tabla| 0))& (0+255)
   509  0206  0084               	movwf	4
   510  0207  0800               	movf	0,w
   511  0208  00B8               	movwf	??_main
   512  0209  0838               	movf	??_main,w
   513  020A  00BB               	movwf	_display_val+2
   514  020B  29ED               	goto	l80
   515  020C  120A  118A  280C   	ljmp	start
   516  020F                     __end_of_main:
   517                           
   518                           	psect	text1
   519  01A7                     __ptext1:	
   520 ;; *************** function _setup *****************
   521 ;; Defined at:
   522 ;;		line 151 in file "postlab.c"
   523 ;; Parameters:    Size  Location     Type
   524 ;;		None
   525 ;; Auto vars:     Size  Location     Type
   526 ;;		None
   527 ;; Return value:  Size  Location     Type
   528 ;;                  1    wreg      void 
   529 ;; Registers used:
   530 ;;		wreg, status,2, status,0
   531 ;; Tracked objects:
   532 ;;		On entry : 0/0
   533 ;;		On exit  : 0/0
   534 ;;		Unchanged: 0/0
   535 ;; Data sizes:     COMMON   BANK0   BANK1   BANK3   BANK2
   536 ;;      Params:         0       0       0       0       0
   537 ;;      Locals:         0       0       0       0       0
   538 ;;      Temps:          0       0       0       0       0
   539 ;;      Totals:         0       0       0       0       0
   540 ;;Total ram usage:        0 bytes
   541 ;; Hardware stack levels used: 1
   542 ;; Hardware stack levels required when called: 1
   543 ;; This function calls:
   544 ;;		Nothing
   545 ;; This function is called by:
   546 ;;		_main
   547 ;; This function uses a non-reentrant model
   548 ;;
   549                           
   550  01A7                     _setup:	
   551                           ;psect for function _setup
   552                           
   553  01A7                     l965:	
   554                           ;incstack = 0
   555                           ; Regs used in _setup: [wreg+status,2+status,0]
   556                           
   557                           
   558                           ;postlab.c: 152:     ANSEL = 0;
   559  01A7  1683               	bsf	3,5	;RP0=1, select bank3
   560  01A8  1703               	bsf	3,6	;RP1=1, select bank3
   561  01A9  0188               	clrf	8	;volatile
   562                           
   563                           ;postlab.c: 153:     ANSELH = 0;
   564  01AA  0189               	clrf	9	;volatile
   565                           
   566                           ;postlab.c: 155:     TRISA = 0;
   567  01AB  1683               	bsf	3,5	;RP0=1, select bank1
   568  01AC  1303               	bcf	3,6	;RP1=0, select bank1
   569  01AD  0185               	clrf	5	;volatile
   570                           
   571                           ;postlab.c: 156:     PORTA = 0;
   572  01AE  1283               	bcf	3,5	;RP0=0, select bank0
   573  01AF  1303               	bcf	3,6	;RP1=0, select bank0
   574  01B0  0185               	clrf	5	;volatile
   575                           
   576                           ;postlab.c: 158:     TRISC = 0;
   577  01B1  1683               	bsf	3,5	;RP0=1, select bank1
   578  01B2  1303               	bcf	3,6	;RP1=0, select bank1
   579  01B3  0187               	clrf	7	;volatile
   580                           
   581                           ;postlab.c: 159:     PORTC = 0;
   582  01B4  1283               	bcf	3,5	;RP0=0, select bank0
   583  01B5  1303               	bcf	3,6	;RP1=0, select bank0
   584  01B6  0187               	clrf	7	;volatile
   585                           
   586                           ;postlab.c: 161:     TRISD = 0;
   587  01B7  1683               	bsf	3,5	;RP0=1, select bank1
   588  01B8  1303               	bcf	3,6	;RP1=0, select bank1
   589  01B9  0188               	clrf	8	;volatile
   590                           
   591                           ;postlab.c: 162:     PORTD = 0;
   592  01BA  1283               	bcf	3,5	;RP0=0, select bank0
   593  01BB  1303               	bcf	3,6	;RP1=0, select bank0
   594  01BC  0188               	clrf	8	;volatile
   595  01BD                     l967:
   596                           
   597                           ;postlab.c: 164:     TRISB = 0b00000011;
   598  01BD  3003               	movlw	3
   599  01BE  1683               	bsf	3,5	;RP0=1, select bank1
   600  01BF  1303               	bcf	3,6	;RP1=0, select bank1
   601  01C0  0086               	movwf	6	;volatile
   602  01C1                     l969:
   603                           
   604                           ;postlab.c: 168:     OSCCONbits.IRCF = 0b011;
   605  01C1  080F               	movf	15,w	;volatile
   606  01C2  398F               	andlw	-113
   607  01C3  3830               	iorlw	48
   608  01C4  008F               	movwf	15	;volatile
   609  01C5                     l971:
   610                           
   611                           ;postlab.c: 169:     OSCCONbits.SCS = 1;
   612  01C5  140F               	bsf	15,0	;volatile
   613  01C6                     l973:
   614                           
   615                           ;postlab.c: 173:     OPTION_REGbits.nRBPU = 0;
   616  01C6  1381               	bcf	1,7	;volatile
   617  01C7                     l975:
   618                           
   619                           ;postlab.c: 174:     WPUBbits.WPUB0 = 1;
   620  01C7  1415               	bsf	21,0	;volatile
   621  01C8                     l977:
   622                           
   623                           ;postlab.c: 175:     WPUBbits.WPUB1 = 1;
   624  01C8  1495               	bsf	21,1	;volatile
   625  01C9                     l979:
   626                           
   627                           ;postlab.c: 179:     INTCONbits.GIE = 1;
   628  01C9  178B               	bsf	11,7	;volatile
   629  01CA                     l981:
   630                           
   631                           ;postlab.c: 180:     INTCONbits.PEIE = 1;
   632  01CA  170B               	bsf	11,6	;volatile
   633  01CB                     l983:
   634                           
   635                           ;postlab.c: 182:     INTCONbits.RBIE = 1;
   636  01CB  158B               	bsf	11,3	;volatile
   637  01CC                     l985:
   638                           
   639                           ;postlab.c: 183:     PIE1bits.TMR1IE = 1;
   640  01CC  140C               	bsf	12,0	;volatile
   641  01CD                     l987:
   642                           
   643                           ;postlab.c: 184:     INTCONbits.TMR0IE = 1;
   644  01CD  168B               	bsf	11,5	;volatile
   645  01CE                     l989:
   646                           
   647                           ;postlab.c: 189:     IOCBbits.IOCB0 = 1;
   648  01CE  1416               	bsf	22,0	;volatile
   649  01CF                     l991:
   650                           
   651                           ;postlab.c: 190:     IOCBbits.IOCB1 = 1;
   652  01CF  1496               	bsf	22,1	;volatile
   653  01D0                     l993:
   654                           
   655                           ;postlab.c: 191:     INTCONbits.RBIF = 0;
   656  01D0  100B               	bcf	11,0	;volatile
   657  01D1                     l995:
   658                           
   659                           ;postlab.c: 194:     OPTION_REGbits.T0CS = 0;
   660  01D1  1281               	bcf	1,5	;volatile
   661  01D2                     l997:
   662                           
   663                           ;postlab.c: 195:     OPTION_REGbits.PSA = 0;
   664  01D2  1181               	bcf	1,3	;volatile
   665  01D3                     l999:
   666                           
   667                           ;postlab.c: 196:     OPTION_REGbits.PS = 0b000;
   668  01D3  30F8               	movlw	-8
   669  01D4  0581               	andwf	1,f	;volatile
   670  01D5                     l1001:
   671                           
   672                           ;postlab.c: 198:     TMR0 = 6;
   673  01D5  3006               	movlw	6
   674  01D6  1283               	bcf	3,5	;RP0=0, select bank0
   675  01D7  1303               	bcf	3,6	;RP1=0, select bank0
   676  01D8  0081               	movwf	1	;volatile
   677  01D9                     l1003:
   678                           
   679                           ;postlab.c: 199:     INTCONbits.T0IF = 0;
   680  01D9  110B               	bcf	11,2	;volatile
   681  01DA                     l1005:
   682                           
   683                           ;postlab.c: 202:     T1CONbits.TMR1GE = 0;
   684  01DA  1310               	bcf	16,6	;volatile
   685  01DB                     l1007:
   686                           
   687                           ;postlab.c: 203:     T1CONbits.T1CKPS = 0b01;
   688  01DB  0810               	movf	16,w	;volatile
   689  01DC  39CF               	andlw	-49
   690  01DD  3810               	iorlw	16
   691  01DE  0090               	movwf	16	;volatile
   692  01DF                     l1009:
   693                           
   694                           ;postlab.c: 204:     T1CONbits.T1OSCEN = 0;
   695  01DF  1190               	bcf	16,3	;volatile
   696  01E0                     l1011:
   697                           
   698                           ;postlab.c: 205:     T1CONbits.TMR1CS = 0;
   699  01E0  1090               	bcf	16,1	;volatile
   700  01E1                     l1013:
   701                           
   702                           ;postlab.c: 206:     T1CONbits.TMR1ON = 1;
   703  01E1  1410               	bsf	16,0	;volatile
   704  01E2                     l1015:
   705                           
   706                           ;postlab.c: 208:     TMR1H = 0x0B;
   707  01E2  300B               	movlw	11
   708  01E3  008F               	movwf	15	;volatile
   709  01E4                     l1017:
   710                           
   711                           ;postlab.c: 209:     TMR1L = 0xDC;
   712  01E4  30DC               	movlw	220
   713  01E5  008E               	movwf	14	;volatile
   714  01E6                     l1019:
   715                           
   716                           ;postlab.c: 211:     PIR1bits.TMR1IF = 0;
   717  01E6  100C               	bcf	12,0	;volatile
   718  01E7                     l86:
   719  01E7  0008               	return
   720  01E8                     __end_of_setup:
   721                           
   722                           	psect	text2
   723  008E                     __ptext2:	
   724 ;; *************** function _displays *****************
   725 ;; Defined at:
   726 ;;		line 217 in file "postlab.c"
   727 ;; Parameters:    Size  Location     Type
   728 ;;  num             1    wreg     unsigned char 
   729 ;; Auto vars:     Size  Location     Type
   730 ;;  num             1    7[BANK0 ] unsigned char 
   731 ;; Return value:  Size  Location     Type
   732 ;;                  1    wreg      void 
   733 ;; Registers used:
   734 ;;		wreg, status,2, status,0, pclath, cstack
   735 ;; Tracked objects:
   736 ;;		On entry : 0/0
   737 ;;		On exit  : 0/0
   738 ;;		Unchanged: 0/0
   739 ;; Data sizes:     COMMON   BANK0   BANK1   BANK3   BANK2
   740 ;;      Params:         0       0       0       0       0
   741 ;;      Locals:         0       1       0       0       0
   742 ;;      Temps:          0       3       0       0       0
   743 ;;      Totals:         0       4       0       0       0
   744 ;;Total ram usage:        4 bytes
   745 ;; Hardware stack levels used: 1
   746 ;; Hardware stack levels required when called: 2
   747 ;; This function calls:
   748 ;;		___awdiv
   749 ;;		___awmod
   750 ;; This function is called by:
   751 ;;		_main
   752 ;; This function uses a non-reentrant model
   753 ;;
   754                           
   755  008E                     _displays:	
   756                           ;psect for function _displays
   757                           
   758                           
   759                           ;incstack = 0
   760                           ; Regs used in _displays: [wreg+status,2+status,0+pclath+cstack]
   761                           ;displays@num stored from wreg
   762  008E  1283               	bcf	3,5	;RP0=0, select bank0
   763  008F  1303               	bcf	3,6	;RP1=0, select bank0
   764  0090  00B7               	movwf	displays@num
   765  0091                     l1167:
   766                           
   767                           ;postlab.c: 217: void displays (uint8_t num);postlab.c: 218: {;postlab.c: 220:     cente
      +                          nas = num/100;
   768  0091  3064               	movlw	100
   769  0092  00F3               	movwf	___awdiv@divisor
   770  0093  3000               	movlw	0
   771  0094  00F4               	movwf	___awdiv@divisor+1
   772  0095  0837               	movf	displays@num,w
   773  0096  00B4               	movwf	??_displays
   774  0097  01B5               	clrf	??_displays+1
   775  0098  0834               	movf	??_displays,w
   776  0099  00F5               	movwf	___awdiv@dividend
   777  009A  0835               	movf	??_displays+1,w
   778  009B  00F6               	movwf	___awdiv@dividend+1
   779  009C  120A  118A  2025  120A  118A  	fcall	___awdiv
   780  00A1  0873               	movf	?___awdiv,w
   781  00A2  1283               	bcf	3,5	;RP0=0, select bank0
   782  00A3  1303               	bcf	3,6	;RP1=0, select bank0
   783  00A4  00B6               	movwf	??_displays+2
   784  00A5  0836               	movf	??_displays+2,w
   785  00A6  00F9               	movwf	_centenas
   786                           
   787                           ;postlab.c: 221:     residuo = num%100;
   788  00A7  3064               	movlw	100
   789  00A8  00F3               	movwf	___awmod@divisor
   790  00A9  3000               	movlw	0
   791  00AA  00F4               	movwf	___awmod@divisor+1
   792  00AB  0837               	movf	displays@num,w
   793  00AC  00B4               	movwf	??_displays
   794  00AD  01B5               	clrf	??_displays+1
   795  00AE  0834               	movf	??_displays,w
   796  00AF  00F5               	movwf	___awmod@dividend
   797  00B0  0835               	movf	??_displays+1,w
   798  00B1  00F6               	movwf	___awmod@dividend+1
   799  00B2  120A  118A  214C  120A  118A  	fcall	___awmod
   800  00B7  0873               	movf	?___awmod,w
   801  00B8  1283               	bcf	3,5	;RP0=0, select bank0
   802  00B9  1303               	bcf	3,6	;RP1=0, select bank0
   803  00BA  00B6               	movwf	??_displays+2
   804  00BB  0836               	movf	??_displays+2,w
   805  00BC  00F8               	movwf	_residuo
   806                           
   807                           ;postlab.c: 223:     decenas = residuo/10;
   808  00BD  300A               	movlw	10
   809  00BE  00F3               	movwf	___awdiv@divisor
   810  00BF  3000               	movlw	0
   811  00C0  00F4               	movwf	___awdiv@divisor+1
   812  00C1  0878               	movf	_residuo,w
   813  00C2  00B4               	movwf	??_displays
   814  00C3  01B5               	clrf	??_displays+1
   815  00C4  0834               	movf	??_displays,w
   816  00C5  00F5               	movwf	___awdiv@dividend
   817  00C6  0835               	movf	??_displays+1,w
   818  00C7  00F6               	movwf	___awdiv@dividend+1
   819  00C8  120A  118A  2025  120A  118A  	fcall	___awdiv
   820  00CD  0873               	movf	?___awdiv,w
   821  00CE  1283               	bcf	3,5	;RP0=0, select bank0
   822  00CF  1303               	bcf	3,6	;RP1=0, select bank0
   823  00D0  00B6               	movwf	??_displays+2
   824  00D1  0836               	movf	??_displays+2,w
   825  00D2  00BD               	movwf	_decenas
   826                           
   827                           ;postlab.c: 224:     residuo = residuo%10;
   828  00D3  300A               	movlw	10
   829  00D4  00F3               	movwf	___awmod@divisor
   830  00D5  3000               	movlw	0
   831  00D6  00F4               	movwf	___awmod@divisor+1
   832  00D7  0878               	movf	_residuo,w
   833  00D8  00B4               	movwf	??_displays
   834  00D9  01B5               	clrf	??_displays+1
   835  00DA  0834               	movf	??_displays,w
   836  00DB  00F5               	movwf	___awmod@dividend
   837  00DC  0835               	movf	??_displays+1,w
   838  00DD  00F6               	movwf	___awmod@dividend+1
   839  00DE  120A  118A  214C  120A  118A  	fcall	___awmod
   840  00E3  0873               	movf	?___awmod,w
   841  00E4  1283               	bcf	3,5	;RP0=0, select bank0
   842  00E5  1303               	bcf	3,6	;RP1=0, select bank0
   843  00E6  00B6               	movwf	??_displays+2
   844  00E7  0836               	movf	??_displays+2,w
   845  00E8  00F8               	movwf	_residuo
   846  00E9                     l1169:
   847                           
   848                           ;postlab.c: 226:     unidades = residuo;
   849  00E9  0878               	movf	_residuo,w
   850  00EA  00B4               	movwf	??_displays
   851  00EB  0834               	movf	??_displays,w
   852  00EC  00BC               	movwf	_unidades
   853  00ED                     l89:
   854  00ED  0008               	return
   855  00EE                     __end_of_displays:
   856                           
   857                           	psect	text3
   858  014C                     __ptext3:	
   859 ;; *************** function ___awmod *****************
   860 ;; Defined at:
   861 ;;		line 5 in file "C:\Program Files\Microchip\xc8\v2.35\pic\sources\c90\common\awmod.c"
   862 ;; Parameters:    Size  Location     Type
   863 ;;  divisor         2    3[COMMON] int 
   864 ;;  dividend        2    5[COMMON] int 
   865 ;; Auto vars:     Size  Location     Type
   866 ;;  sign            1    1[BANK0 ] unsigned char 
   867 ;;  counter         1    0[BANK0 ] unsigned char 
   868 ;; Return value:  Size  Location     Type
   869 ;;                  2    3[COMMON] int 
   870 ;; Registers used:
   871 ;;		wreg, status,2, status,0
   872 ;; Tracked objects:
   873 ;;		On entry : 0/0
   874 ;;		On exit  : 0/0
   875 ;;		Unchanged: 0/0
   876 ;; Data sizes:     COMMON   BANK0   BANK1   BANK3   BANK2
   877 ;;      Params:         4       0       0       0       0
   878 ;;      Locals:         0       2       0       0       0
   879 ;;      Temps:          1       0       0       0       0
   880 ;;      Totals:         5       2       0       0       0
   881 ;;Total ram usage:        7 bytes
   882 ;; Hardware stack levels used: 1
   883 ;; Hardware stack levels required when called: 1
   884 ;; This function calls:
   885 ;;		Nothing
   886 ;; This function is called by:
   887 ;;		_displays
   888 ;; This function uses a non-reentrant model
   889 ;;
   890                           
   891  014C                     ___awmod:	
   892                           ;psect for function ___awmod
   893                           
   894  014C                     l1129:	
   895                           ;incstack = 0
   896                           ; Regs used in ___awmod: [wreg+status,2+status,0]
   897                           
   898  014C  1283               	bcf	3,5	;RP0=0, select bank0
   899  014D  1303               	bcf	3,6	;RP1=0, select bank0
   900  014E  01B1               	clrf	___awmod@sign
   901  014F                     l1131:
   902  014F  1FF6               	btfss	___awmod@dividend+1,7
   903  0150  2952               	goto	u651
   904  0151  2953               	goto	u650
   905  0152                     u651:
   906  0152  295A               	goto	l1137
   907  0153                     u650:
   908  0153                     l1133:
   909  0153  09F5               	comf	___awmod@dividend,f
   910  0154  09F6               	comf	___awmod@dividend+1,f
   911  0155  0AF5               	incf	___awmod@dividend,f
   912  0156  1903               	skipnz
   913  0157  0AF6               	incf	___awmod@dividend+1,f
   914  0158                     l1135:
   915  0158  01B1               	clrf	___awmod@sign
   916  0159  0AB1               	incf	___awmod@sign,f
   917  015A                     l1137:
   918  015A  1FF4               	btfss	___awmod@divisor+1,7
   919  015B  295D               	goto	u661
   920  015C  295E               	goto	u660
   921  015D                     u661:
   922  015D  2963               	goto	l1141
   923  015E                     u660:
   924  015E                     l1139:
   925  015E  09F3               	comf	___awmod@divisor,f
   926  015F  09F4               	comf	___awmod@divisor+1,f
   927  0160  0AF3               	incf	___awmod@divisor,f
   928  0161  1903               	skipnz
   929  0162  0AF4               	incf	___awmod@divisor+1,f
   930  0163                     l1141:
   931  0163  0873               	movf	___awmod@divisor,w
   932  0164  0474               	iorwf	___awmod@divisor+1,w
   933  0165  1903               	btfsc	3,2
   934  0166  2968               	goto	u671
   935  0167  2969               	goto	u670
   936  0168                     u671:
   937  0168  2998               	goto	l1159
   938  0169                     u670:
   939  0169                     l1143:
   940  0169  01B0               	clrf	___awmod@counter
   941  016A  0AB0               	incf	___awmod@counter,f
   942  016B  2977               	goto	l1149
   943  016C                     l1145:
   944  016C  3001               	movlw	1
   945  016D                     u685:
   946  016D  1003               	clrc
   947  016E  0DF3               	rlf	___awmod@divisor,f
   948  016F  0DF4               	rlf	___awmod@divisor+1,f
   949  0170  3EFF               	addlw	-1
   950  0171  1D03               	skipz
   951  0172  296D               	goto	u685
   952  0173                     l1147:
   953  0173  3001               	movlw	1
   954  0174  00F7               	movwf	??___awmod
   955  0175  0877               	movf	??___awmod,w
   956  0176  07B0               	addwf	___awmod@counter,f
   957  0177                     l1149:
   958  0177  1FF4               	btfss	___awmod@divisor+1,7
   959  0178  297A               	goto	u691
   960  0179  297B               	goto	u690
   961  017A                     u691:
   962  017A  296C               	goto	l1145
   963  017B                     u690:
   964  017B                     l1151:
   965  017B  0874               	movf	___awmod@divisor+1,w
   966  017C  0276               	subwf	___awmod@dividend+1,w
   967  017D  1D03               	skipz
   968  017E  2981               	goto	u705
   969  017F  0873               	movf	___awmod@divisor,w
   970  0180  0275               	subwf	___awmod@dividend,w
   971  0181                     u705:
   972  0181  1C03               	skipc
   973  0182  2984               	goto	u701
   974  0183  2985               	goto	u700
   975  0184                     u701:
   976  0184  298B               	goto	l1155
   977  0185                     u700:
   978  0185                     l1153:
   979  0185  0873               	movf	___awmod@divisor,w
   980  0186  02F5               	subwf	___awmod@dividend,f
   981  0187  0874               	movf	___awmod@divisor+1,w
   982  0188  1C03               	skipc
   983  0189  03F6               	decf	___awmod@dividend+1,f
   984  018A  02F6               	subwf	___awmod@dividend+1,f
   985  018B                     l1155:
   986  018B  3001               	movlw	1
   987  018C                     u715:
   988  018C  1003               	clrc
   989  018D  0CF4               	rrf	___awmod@divisor+1,f
   990  018E  0CF3               	rrf	___awmod@divisor,f
   991  018F  3EFF               	addlw	-1
   992  0190  1D03               	skipz
   993  0191  298C               	goto	u715
   994  0192                     l1157:
   995  0192  3001               	movlw	1
   996  0193  02B0               	subwf	___awmod@counter,f
   997  0194  1D03               	btfss	3,2
   998  0195  2997               	goto	u721
   999  0196  2998               	goto	u720
  1000  0197                     u721:
  1001  0197  297B               	goto	l1151
  1002  0198                     u720:
  1003  0198                     l1159:
  1004  0198  0831               	movf	___awmod@sign,w
  1005  0199  1903               	btfsc	3,2
  1006  019A  299C               	goto	u731
  1007  019B  299D               	goto	u730
  1008  019C                     u731:
  1009  019C  29A2               	goto	l1163
  1010  019D                     u730:
  1011  019D                     l1161:
  1012  019D  09F5               	comf	___awmod@dividend,f
  1013  019E  09F6               	comf	___awmod@dividend+1,f
  1014  019F  0AF5               	incf	___awmod@dividend,f
  1015  01A0  1903               	skipnz
  1016  01A1  0AF6               	incf	___awmod@dividend+1,f
  1017  01A2                     l1163:
  1018  01A2  0876               	movf	___awmod@dividend+1,w
  1019  01A3  00F4               	movwf	?___awmod+1
  1020  01A4  0875               	movf	___awmod@dividend,w
  1021  01A5  00F3               	movwf	?___awmod
  1022  01A6                     l341:
  1023  01A6  0008               	return
  1024  01A7                     __end_of___awmod:
  1025                           
  1026                           	psect	text4
  1027  0025                     __ptext4:	
  1028 ;; *************** function ___awdiv *****************
  1029 ;; Defined at:
  1030 ;;		line 5 in file "C:\Program Files\Microchip\xc8\v2.35\pic\sources\c90\common\awdiv.c"
  1031 ;; Parameters:    Size  Location     Type
  1032 ;;  divisor         2    3[COMMON] int 
  1033 ;;  dividend        2    5[COMMON] int 
  1034 ;; Auto vars:     Size  Location     Type
  1035 ;;  quotient        2    2[BANK0 ] int 
  1036 ;;  sign            1    1[BANK0 ] unsigned char 
  1037 ;;  counter         1    0[BANK0 ] unsigned char 
  1038 ;; Return value:  Size  Location     Type
  1039 ;;                  2    3[COMMON] int 
  1040 ;; Registers used:
  1041 ;;		wreg, status,2, status,0
  1042 ;; Tracked objects:
  1043 ;;		On entry : 0/0
  1044 ;;		On exit  : 0/0
  1045 ;;		Unchanged: 0/0
  1046 ;; Data sizes:     COMMON   BANK0   BANK1   BANK3   BANK2
  1047 ;;      Params:         4       0       0       0       0
  1048 ;;      Locals:         0       4       0       0       0
  1049 ;;      Temps:          1       0       0       0       0
  1050 ;;      Totals:         5       4       0       0       0
  1051 ;;Total ram usage:        9 bytes
  1052 ;; Hardware stack levels used: 1
  1053 ;; Hardware stack levels required when called: 1
  1054 ;; This function calls:
  1055 ;;		Nothing
  1056 ;; This function is called by:
  1057 ;;		_displays
  1058 ;; This function uses a non-reentrant model
  1059 ;;
  1060                           
  1061  0025                     ___awdiv:	
  1062                           ;psect for function ___awdiv
  1063                           
  1064  0025                     l1085:	
  1065                           ;incstack = 0
  1066                           ; Regs used in ___awdiv: [wreg+status,2+status,0]
  1067                           
  1068  0025  1283               	bcf	3,5	;RP0=0, select bank0
  1069  0026  1303               	bcf	3,6	;RP1=0, select bank0
  1070  0027  01B1               	clrf	___awdiv@sign
  1071  0028                     l1087:
  1072  0028  1FF4               	btfss	___awdiv@divisor+1,7
  1073  0029  282B               	goto	u551
  1074  002A  282C               	goto	u550
  1075  002B                     u551:
  1076  002B  2833               	goto	l1093
  1077  002C                     u550:
  1078  002C                     l1089:
  1079  002C  09F3               	comf	___awdiv@divisor,f
  1080  002D  09F4               	comf	___awdiv@divisor+1,f
  1081  002E  0AF3               	incf	___awdiv@divisor,f
  1082  002F  1903               	skipnz
  1083  0030  0AF4               	incf	___awdiv@divisor+1,f
  1084  0031                     l1091:
  1085  0031  01B1               	clrf	___awdiv@sign
  1086  0032  0AB1               	incf	___awdiv@sign,f
  1087  0033                     l1093:
  1088  0033  1FF6               	btfss	___awdiv@dividend+1,7
  1089  0034  2836               	goto	u561
  1090  0035  2837               	goto	u560
  1091  0036                     u561:
  1092  0036  2840               	goto	l1099
  1093  0037                     u560:
  1094  0037                     l1095:
  1095  0037  09F5               	comf	___awdiv@dividend,f
  1096  0038  09F6               	comf	___awdiv@dividend+1,f
  1097  0039  0AF5               	incf	___awdiv@dividend,f
  1098  003A  1903               	skipnz
  1099  003B  0AF6               	incf	___awdiv@dividend+1,f
  1100  003C                     l1097:
  1101  003C  3001               	movlw	1
  1102  003D  00F7               	movwf	??___awdiv
  1103  003E  0877               	movf	??___awdiv,w
  1104  003F  06B1               	xorwf	___awdiv@sign,f
  1105  0040                     l1099:
  1106  0040  01B2               	clrf	___awdiv@quotient
  1107  0041  01B3               	clrf	___awdiv@quotient+1
  1108  0042                     l1101:
  1109  0042  0873               	movf	___awdiv@divisor,w
  1110  0043  0474               	iorwf	___awdiv@divisor+1,w
  1111  0044  1903               	btfsc	3,2
  1112  0045  2847               	goto	u571
  1113  0046  2848               	goto	u570
  1114  0047                     u571:
  1115  0047  287F               	goto	l1121
  1116  0048                     u570:
  1117  0048                     l1103:
  1118  0048  01B0               	clrf	___awdiv@counter
  1119  0049  0AB0               	incf	___awdiv@counter,f
  1120  004A  2856               	goto	l1109
  1121  004B                     l1105:
  1122  004B  3001               	movlw	1
  1123  004C                     u585:
  1124  004C  1003               	clrc
  1125  004D  0DF3               	rlf	___awdiv@divisor,f
  1126  004E  0DF4               	rlf	___awdiv@divisor+1,f
  1127  004F  3EFF               	addlw	-1
  1128  0050  1D03               	skipz
  1129  0051  284C               	goto	u585
  1130  0052                     l1107:
  1131  0052  3001               	movlw	1
  1132  0053  00F7               	movwf	??___awdiv
  1133  0054  0877               	movf	??___awdiv,w
  1134  0055  07B0               	addwf	___awdiv@counter,f
  1135  0056                     l1109:
  1136  0056  1FF4               	btfss	___awdiv@divisor+1,7
  1137  0057  2859               	goto	u591
  1138  0058  285A               	goto	u590
  1139  0059                     u591:
  1140  0059  284B               	goto	l1105
  1141  005A                     u590:
  1142  005A                     l1111:
  1143  005A  3001               	movlw	1
  1144  005B                     u605:
  1145  005B  1003               	clrc
  1146  005C  0DB2               	rlf	___awdiv@quotient,f
  1147  005D  0DB3               	rlf	___awdiv@quotient+1,f
  1148  005E  3EFF               	addlw	-1
  1149  005F  1D03               	skipz
  1150  0060  285B               	goto	u605
  1151  0061  0874               	movf	___awdiv@divisor+1,w
  1152  0062  0276               	subwf	___awdiv@dividend+1,w
  1153  0063  1D03               	skipz
  1154  0064  2867               	goto	u615
  1155  0065  0873               	movf	___awdiv@divisor,w
  1156  0066  0275               	subwf	___awdiv@dividend,w
  1157  0067                     u615:
  1158  0067  1C03               	skipc
  1159  0068  286A               	goto	u611
  1160  0069  286B               	goto	u610
  1161  006A                     u611:
  1162  006A  2872               	goto	l1117
  1163  006B                     u610:
  1164  006B                     l1113:
  1165  006B  0873               	movf	___awdiv@divisor,w
  1166  006C  02F5               	subwf	___awdiv@dividend,f
  1167  006D  0874               	movf	___awdiv@divisor+1,w
  1168  006E  1C03               	skipc
  1169  006F  03F6               	decf	___awdiv@dividend+1,f
  1170  0070  02F6               	subwf	___awdiv@dividend+1,f
  1171  0071                     l1115:
  1172  0071  1432               	bsf	___awdiv@quotient,0
  1173  0072                     l1117:
  1174  0072  3001               	movlw	1
  1175  0073                     u625:
  1176  0073  1003               	clrc
  1177  0074  0CF4               	rrf	___awdiv@divisor+1,f
  1178  0075  0CF3               	rrf	___awdiv@divisor,f
  1179  0076  3EFF               	addlw	-1
  1180  0077  1D03               	skipz
  1181  0078  2873               	goto	u625
  1182  0079                     l1119:
  1183  0079  3001               	movlw	1
  1184  007A  02B0               	subwf	___awdiv@counter,f
  1185  007B  1D03               	btfss	3,2
  1186  007C  287E               	goto	u631
  1187  007D  287F               	goto	u630
  1188  007E                     u631:
  1189  007E  285A               	goto	l1111
  1190  007F                     u630:
  1191  007F                     l1121:
  1192  007F  0831               	movf	___awdiv@sign,w
  1193  0080  1903               	btfsc	3,2
  1194  0081  2883               	goto	u641
  1195  0082  2884               	goto	u640
  1196  0083                     u641:
  1197  0083  2889               	goto	l1125
  1198  0084                     u640:
  1199  0084                     l1123:
  1200  0084  09B2               	comf	___awdiv@quotient,f
  1201  0085  09B3               	comf	___awdiv@quotient+1,f
  1202  0086  0AB2               	incf	___awdiv@quotient,f
  1203  0087  1903               	skipnz
  1204  0088  0AB3               	incf	___awdiv@quotient+1,f
  1205  0089                     l1125:
  1206  0089  0833               	movf	___awdiv@quotient+1,w
  1207  008A  00F4               	movwf	?___awdiv+1
  1208  008B  0832               	movf	___awdiv@quotient,w
  1209  008C  00F3               	movwf	?___awdiv
  1210  008D                     l328:
  1211  008D  0008               	return
  1212  008E                     __end_of___awdiv:
  1213                           
  1214                           	psect	text5
  1215  00EE                     __ptext5:	
  1216 ;; *************** function _isr *****************
  1217 ;; Defined at:
  1218 ;;		line 81 in file "postlab.c"
  1219 ;; Parameters:    Size  Location     Type
  1220 ;;		None
  1221 ;; Auto vars:     Size  Location     Type
  1222 ;;		None
  1223 ;; Return value:  Size  Location     Type
  1224 ;;                  1    wreg      void 
  1225 ;; Registers used:
  1226 ;;		wreg, status,2, status,0
  1227 ;; Tracked objects:
  1228 ;;		On entry : 0/0
  1229 ;;		On exit  : 0/0
  1230 ;;		Unchanged: 0/0
  1231 ;; Data sizes:     COMMON   BANK0   BANK1   BANK3   BANK2
  1232 ;;      Params:         0       0       0       0       0
  1233 ;;      Locals:         0       0       0       0       0
  1234 ;;      Temps:          3       0       0       0       0
  1235 ;;      Totals:         3       0       0       0       0
  1236 ;;Total ram usage:        3 bytes
  1237 ;; Hardware stack levels used: 1
  1238 ;; This function calls:
  1239 ;;		Nothing
  1240 ;; This function is called by:
  1241 ;;		Interrupt level 1
  1242 ;; This function uses a non-reentrant model
  1243 ;;
  1244                           
  1245  00EE                     _isr:	
  1246                           ;psect for function _isr
  1247                           
  1248  00EE                     i1l1027:
  1249                           
  1250                           ;postlab.c: 83:     if (INTCONbits.RBIF)
  1251  00EE  1C0B               	btfss	11,0	;volatile
  1252  00EF  28F1               	goto	u47_21
  1253  00F0  28F2               	goto	u47_20
  1254  00F1                     u47_21:
  1255  00F1  2907               	goto	i1l1039
  1256  00F2                     u47_20:
  1257  00F2                     i1l1029:
  1258                           
  1259                           ;postlab.c: 84:     {;postlab.c: 86:         if (!PORTBbits.RB0)
  1260  00F2  1283               	bcf	3,5	;RP0=0, select bank0
  1261  00F3  1303               	bcf	3,6	;RP1=0, select bank0
  1262  00F4  1806               	btfsc	6,0	;volatile
  1263  00F5  28F7               	goto	u48_21
  1264  00F6  28F8               	goto	u48_20
  1265  00F7                     u48_21:
  1266  00F7  28FE               	goto	i1l1033
  1267  00F8                     u48_20:
  1268  00F8                     i1l1031:
  1269                           
  1270                           ;postlab.c: 87:         {;postlab.c: 88:             PORTA = ++PORTA;
  1271  00F8  3001               	movlw	1
  1272  00F9  00F0               	movwf	??_isr
  1273  00FA  0870               	movf	??_isr,w
  1274  00FB  0785               	addwf	5,f	;volatile
  1275  00FC  0805               	movf	5,w	;volatile
  1276  00FD  0085               	movwf	5	;volatile
  1277  00FE                     i1l1033:
  1278                           
  1279                           ;postlab.c: 90:         if (!PORTBbits.RB1)
  1280  00FE  1886               	btfsc	6,1	;volatile
  1281  00FF  2901               	goto	u49_21
  1282  0100  2902               	goto	u49_20
  1283  0101                     u49_21:
  1284  0101  2906               	goto	i1l1037
  1285  0102                     u49_20:
  1286  0102                     i1l1035:
  1287                           
  1288                           ;postlab.c: 91:         {;postlab.c: 92:             PORTA = --PORTA;
  1289  0102  3001               	movlw	1
  1290  0103  0285               	subwf	5,f	;volatile
  1291  0104  0805               	movf	5,w	;volatile
  1292  0105  0085               	movwf	5	;volatile
  1293  0106                     i1l1037:
  1294                           
  1295                           ;postlab.c: 94:         INTCONbits.RBIF = 0;
  1296  0106  100B               	bcf	11,0	;volatile
  1297  0107                     i1l1039:
  1298                           
  1299                           ;postlab.c: 96:     if (PIR1bits.TMR1IF)
  1300  0107  1283               	bcf	3,5	;RP0=0, select bank0
  1301  0108  1303               	bcf	3,6	;RP1=0, select bank0
  1302  0109  1C0C               	btfss	12,0	;volatile
  1303  010A  290C               	goto	u50_21
  1304  010B  290D               	goto	u50_20
  1305  010C                     u50_21:
  1306  010C  2918               	goto	i1l1051
  1307  010D                     u50_20:
  1308  010D                     i1l1041:
  1309                           
  1310                           ;postlab.c: 97:     {;postlab.c: 98:         PORTC = PORTC++;
  1311  010D  0807               	movf	7,w	;volatile
  1312  010E  0087               	movwf	7	;volatile
  1313  010F                     i1l1043:
  1314  010F  3001               	movlw	1
  1315  0110  00F0               	movwf	??_isr
  1316  0111  0870               	movf	??_isr,w
  1317  0112  0787               	addwf	7,f	;volatile
  1318  0113                     i1l1045:
  1319                           
  1320                           ;postlab.c: 100:         TMR1H = 0x0B;
  1321  0113  300B               	movlw	11
  1322  0114  008F               	movwf	15	;volatile
  1323  0115                     i1l1047:
  1324                           
  1325                           ;postlab.c: 101:         TMR1L = 0xDC;
  1326  0115  30DC               	movlw	220
  1327  0116  008E               	movwf	14	;volatile
  1328  0117                     i1l1049:
  1329                           
  1330                           ;postlab.c: 102:         PIR1bits.TMR1IF = 0;
  1331  0117  100C               	bcf	12,0	;volatile
  1332  0118                     i1l1051:
  1333                           
  1334                           ;postlab.c: 104:     if (INTCONbits.T0IF)
  1335  0118  1D0B               	btfss	11,2	;volatile
  1336  0119  291B               	goto	u51_21
  1337  011A  291C               	goto	u51_20
  1338  011B                     u51_21:
  1339  011B  2945               	goto	i1l75
  1340  011C                     u51_20:
  1341  011C                     i1l1053:
  1342                           
  1343                           ;postlab.c: 105:     {;postlab.c: 106:         PORTD = 0;
  1344  011C  0188               	clrf	8	;volatile
  1345  011D                     i1l1055:
  1346                           
  1347                           ;postlab.c: 108:         if (flags == 0)
  1348  011D  087A               	movf	_flags,w
  1349  011E  1D03               	btfss	3,2
  1350  011F  2921               	goto	u52_21
  1351  0120  2922               	goto	u52_20
  1352  0121                     u52_21:
  1353  0121  2929               	goto	i1l1061
  1354  0122                     u52_20:
  1355  0122                     i1l1057:
  1356                           
  1357                           ;postlab.c: 109:         {;postlab.c: 110:             PORTC = display_val[0];
  1358  0122  0839               	movf	_display_val,w
  1359  0123  0087               	movwf	7	;volatile
  1360                           
  1361                           ;postlab.c: 111:             PORTD = 1;
  1362  0124  3001               	movlw	1
  1363  0125  0088               	movwf	8	;volatile
  1364  0126                     i1l1059:
  1365                           
  1366                           ;postlab.c: 112:             flags = 1;
  1367  0126  01FA               	clrf	_flags
  1368  0127  0AFA               	incf	_flags,f
  1369                           
  1370                           ;postlab.c: 113:         }
  1371  0128  2942               	goto	i1l1071
  1372  0129                     i1l1061:
  1373  0129  037A               	decf	_flags,w
  1374  012A  1D03               	btfss	3,2
  1375  012B  292D               	goto	u53_21
  1376  012C  292E               	goto	u53_20
  1377  012D                     u53_21:
  1378  012D  2937               	goto	i1l1065
  1379  012E                     u53_20:
  1380  012E                     i1l1063:
  1381                           
  1382                           ;postlab.c: 115:         {;postlab.c: 116:             PORTC = display_val[1];
  1383  012E  083A               	movf	_display_val+1,w
  1384  012F  0087               	movwf	7	;volatile
  1385                           
  1386                           ;postlab.c: 117:             PORTD = 2;
  1387  0130  3002               	movlw	2
  1388  0131  0088               	movwf	8	;volatile
  1389                           
  1390                           ;postlab.c: 118:             flags = 2;
  1391  0132  3002               	movlw	2
  1392  0133  00F0               	movwf	??_isr
  1393  0134  0870               	movf	??_isr,w
  1394  0135  00FA               	movwf	_flags
  1395                           
  1396                           ;postlab.c: 119:         }
  1397  0136  2942               	goto	i1l1071
  1398  0137                     i1l1065:
  1399  0137  3002               	movlw	2
  1400  0138  067A               	xorwf	_flags,w
  1401  0139  1D03               	btfss	3,2
  1402  013A  293C               	goto	u54_21
  1403  013B  293D               	goto	u54_20
  1404  013C                     u54_21:
  1405  013C  2942               	goto	i1l1071
  1406  013D                     u54_20:
  1407  013D                     i1l1067:
  1408                           
  1409                           ;postlab.c: 121:         {;postlab.c: 122:             PORTC = display_val[2];
  1410  013D  083B               	movf	_display_val+2,w
  1411  013E  0087               	movwf	7	;volatile
  1412                           
  1413                           ;postlab.c: 123:             PORTD = 4;
  1414  013F  3004               	movlw	4
  1415  0140  0088               	movwf	8	;volatile
  1416  0141                     i1l1069:
  1417                           
  1418                           ;postlab.c: 124:             flags = 0;
  1419  0141  01FA               	clrf	_flags
  1420  0142                     i1l1071:
  1421                           
  1422                           ;postlab.c: 126:         TMR0 = 6;
  1423  0142  3006               	movlw	6
  1424  0143  0081               	movwf	1	;volatile
  1425  0144                     i1l1073:
  1426                           
  1427                           ;postlab.c: 127:         INTCONbits.T0IF = 0;
  1428  0144  110B               	bcf	11,2	;volatile
  1429  0145                     i1l75:
  1430  0145  0872               	movf	??_isr+2,w
  1431  0146  008A               	movwf	10
  1432  0147  0E71               	swapf	??_isr+1,w
  1433  0148  0083               	movwf	3
  1434  0149  0EFE               	swapf	btemp,f
  1435  014A  0E7E               	swapf	btemp,w
  1436  014B  0009               	retfie
  1437  014C                     __end_of_isr:
  1438  007E                     btemp	set	126	;btemp
  1439  007E                     wtemp0	set	126
  1440                           
  1441                           	psect	intentry
  1442  0004                     __pintentry:	
  1443                           ;incstack = 0
  1444                           ; Regs used in _isr: [wreg+status,2+status,0]
  1445                           
  1446  0004                     interrupt_function:
  1447  007E                     saved_w	set	btemp
  1448  0004  00FE               	movwf	btemp
  1449  0005  0E03               	swapf	3,w
  1450  0006  00F1               	movwf	??_isr+1
  1451  0007  080A               	movf	10,w
  1452  0008  00F2               	movwf	??_isr+2
  1453  0009  120A  118A  28EE   	ljmp	_isr
  1454                           
  1455                           	psect	idloc
  1456                           
  1457                           ;Config register IDLOC0 @ 0x2000
  1458                           ;	unspecified, using default values
  1459  2000                     	org	8192
  1460  2000  3FFF               	dw	16383
  1461                           
  1462                           ;Config register IDLOC1 @ 0x2001
  1463                           ;	unspecified, using default values
  1464  2001                     	org	8193
  1465  2001  3FFF               	dw	16383
  1466                           
  1467                           ;Config register IDLOC2 @ 0x2002
  1468                           ;	unspecified, using default values
  1469  2002                     	org	8194
  1470  2002  3FFF               	dw	16383
  1471                           
  1472                           ;Config register IDLOC3 @ 0x2003
  1473                           ;	unspecified, using default values
  1474  2003                     	org	8195
  1475  2003  3FFF               	dw	16383
  1476                           
  1477                           	psect	config
  1478                           
  1479                           ;Config register CONFIG1 @ 0x2007
  1480                           ;	Oscillator Selection bits
  1481                           ;	FOSC = INTRC_NOCLKOUT, INTOSCIO oscillator: I/O function on RA6/OSC2/CLKOUT pin, I/O f
      +                          unction on RA7/OSC1/CLKIN
  1482                           ;	Watchdog Timer Enable bit
  1483                           ;	WDTE = OFF, WDT disabled and can be enabled by SWDTEN bit of the WDTCON register
  1484                           ;	Power-up Timer Enable bit
  1485                           ;	PWRTE = OFF, PWRT disabled
  1486                           ;	RE3/MCLR pin function select bit
  1487                           ;	MCLRE = OFF, RE3/MCLR pin function is digital input, MCLR internally tied to VDD
  1488                           ;	Code Protection bit
  1489                           ;	CP = OFF, Program memory code protection is disabled
  1490                           ;	Data Code Protection bit
  1491                           ;	CPD = OFF, Data memory code protection is disabled
  1492                           ;	Brown Out Reset Selection bits
  1493                           ;	BOREN = OFF, BOR disabled
  1494                           ;	Internal External Switchover bit
  1495                           ;	IESO = OFF, Internal/External Switchover mode is disabled
  1496                           ;	Fail-Safe Clock Monitor Enabled bit
  1497                           ;	FCMEN = OFF, Fail-Safe Clock Monitor is disabled
  1498                           ;	Low Voltage Programming Enable bit
  1499                           ;	LVP = OFF, RB3 pin has digital I/O, HV on MCLR must be used for programming
  1500                           ;	In-Circuit Debugger Mode bit
  1501                           ;	DEBUG = 0x1, unprogrammed default
  1502  2007                     	org	8199
  1503  2007  20D4               	dw	8404
  1504                           
  1505                           ;Config register CONFIG2 @ 0x2008
  1506                           ;	Brown-out Reset Selection bit
  1507                           ;	BOR4V = BOR40V, Brown-out Reset set to 4.0V
  1508                           ;	Flash Program Memory Self Write Enable bits
  1509                           ;	WRT = OFF, Write protection off
  1510  2008                     	org	8200
  1511  2008  3FFF               	dw	16383

Data Sizes:
    Strings     0
    Constant    0
    Data        16
    BSS         4
    Persistent  4
    Stack       0

Auto Spaces:
    Space          Size  Autos    Used
    COMMON           14      8      11
    BANK0            80      9      30
    BANK1            80      0       0
    BANK3            96      0       0
    BANK2            96      0       0

Pointer List with Targets:

    None.

Critical Paths under _main in COMMON

    _displays->___awdiv
    _displays->___awmod

Critical Paths under _isr in COMMON

    None.

Critical Paths under _main in BANK0

    _main->_displays
    _displays->___awdiv

Critical Paths under _isr in BANK0

    None.

Critical Paths under _main in BANK1

    None.

Critical Paths under _isr in BANK1

    None.

Critical Paths under _main in BANK3

    None.

Critical Paths under _isr in BANK3

    None.

Critical Paths under _main in BANK2

    None.

Critical Paths under _isr in BANK2

    None.

Call Graph Tables:

 ---------------------------------------------------------------------------------
 (Depth) Function   	        Calls       Base Space   Used Autos Params    Refs
 ---------------------------------------------------------------------------------
 (0) _main                                                 1     1      0    1660
                                              8 BANK0      1     1      0
                           _displays
                              _setup
 ---------------------------------------------------------------------------------
 (1) _setup                                                0     0      0       0
 ---------------------------------------------------------------------------------
 (1) _displays                                             4     4      0    1660
                                              4 BANK0      4     4      0
                            ___awdiv
                            ___awmod
 ---------------------------------------------------------------------------------
 (2) ___awmod                                              7     3      4     793
                                              3 COMMON     5     1      4
                                              0 BANK0      2     2      0
 ---------------------------------------------------------------------------------
 (2) ___awdiv                                              9     5      4     805
                                              3 COMMON     5     1      4
                                              0 BANK0      4     4      0
 ---------------------------------------------------------------------------------
 Estimated maximum stack depth 2
 ---------------------------------------------------------------------------------
 (Depth) Function   	        Calls       Base Space   Used Autos Params    Refs
 ---------------------------------------------------------------------------------
 (3) _isr                                                  3     3      0       0
                                              0 COMMON     3     3      0
 ---------------------------------------------------------------------------------
 Estimated maximum stack depth 3
 ---------------------------------------------------------------------------------

 Call Graph Graphs:

 _main (ROOT)
   _displays
     ___awdiv
     ___awmod
   _setup

 _isr (ROOT)

 Address spaces:
Name               Size   Autos  Total    Cost      Usage
BANK3               60      0       0       9        0.0%
BITBANK3            60      0       0       8        0.0%
SFR3                 0      0       0       4        0.0%
BITSFR3              0      0       0       4        0.0%
BANK2               60      0       0      11        0.0%
BITBANK2            60      0       0      10        0.0%
SFR2                 0      0       0       5        0.0%
BITSFR2              0      0       0       5        0.0%
BANK1               50      0       0       7        0.0%
BITBANK1            50      0       0       6        0.0%
SFR1                 0      0       0       2        0.0%
BITSFR1              0      0       0       2        0.0%
BANK0               50      9      1E       5       37.5%
BITBANK0            50      0       0       4        0.0%
SFR0                 0      0       0       1        0.0%
BITSFR0              0      0       0       1        0.0%
COMMON               E      8       B       1       78.6%
BITCOMMON            E      0       0       0        0.0%
CODE                 0      0       0       0        0.0%
DATA                 0      0      29      12        0.0%
ABS                  0      0      29       3        0.0%
NULL                 0      0       0       0        0.0%
STACK                0      0       0       2        0.0%
EEDATA             100      0       0       0        0.0%


Microchip Technology PIC Macro Assembler V2.35 build 20211206165544 
Symbol Table                                                                                   Mon Apr 04 20:51:40 2022

                      pc 0002                       l80 01ED                       l86 01E7  
                     l89 00ED             ___awdiv@sign 0031                       fsr 0004  
                    l341 01A6                      l328 008D                      l971 01C5  
                    l981 01CA                      l973 01C6                      l965 01A7  
                    l991 01CF                      l983 01CB                      l975 01C7  
                    l967 01BD                      l993 01D0                      l985 01CC  
                    l977 01C8                      l969 01C1                      l995 01D1  
                    l987 01CD                      l979 01C9                      l997 01D2  
                    l989 01CE                      l999 01D3                      u610 006B  
                    u611 006A                      u700 0185                      u605 005B  
                    u701 0184                      u630 007F                      u550 002C  
                    u631 007E                      u615 0067                      u551 002B  
                    u640 0084                      u560 0037                      u720 0198  
                    u641 0083                      u625 0073                      u561 0036  
                    u721 0197                      u705 0181                      u570 0048  
                    u730 019D                      u650 0153                      u571 0047  
                    u731 019C                      u715 018C                      u651 0152  
                    u660 015E                      u661 015D                      u590 005A  
                    u670 0169                      u591 0059                      u671 0168  
                    u585 004C                      u690 017B                      u691 017A  
                    u685 016D                      _isr 00EE                      fsr0 0004  
                    indf 0000             ___awmod@sign 0031                     l1001 01D5  
                   l1011 01E0                     l1003 01D9                     l1101 0042  
                   l1013 01E1                     l1005 01DA                     l1111 005A  
                   l1103 0048                     l1015 01E2                     l1007 01DB  
                   l1113 006B                     l1105 004B                     l1121 007F  
                   l1017 01E4                     l1009 01DF                     l1123 0084  
                   l1115 0071                     l1107 0052                     l1131 014F  
                   l1019 01E6                     l1125 0089                     l1117 0072  
                   l1109 0056                     l1141 0163                     l1133 0153  
                   l1119 0079                     l1151 017B                     l1143 0169  
                   l1135 0158                     l1161 019D                     l1153 0185  
                   l1145 016C                     l1137 015A                     l1129 014C  
                   l1091 0031                     l1163 01A2                     l1155 018B  
                   l1147 0173                     l1139 015E                     l1093 0033  
                   l1085 0025                     l1157 0192                     l1149 0177  
                   l1173 01E8                     l1095 0037                     l1087 0028  
                   l1159 0198                     l1167 0091                     l1175 01F3  
                   l1097 003C                     l1089 002C                     l1169 00E9  
                   l1177 01FD                     l1099 0040                     l1179 0204  
                   ?_isr 0070                     i1l75 0145                     _TMR0 0001  
                   _main 01E8                     btemp 007E              displays@num 0037  
                   start 000C                    ??_isr 0070                    ?_main 0070  
        __end_of___awdiv 008E          __end_of___awmod 01A7                    _ANSEL 0188  
        ___awdiv@divisor 0073          ___awdiv@counter 0030                    _TMR1H 000F  
                  _TMR1L 000E                    u50_20 010D                    u50_21 010C  
                  u51_20 011C                    u51_21 011B                    _PORTA 0005  
                  _PORTC 0007                    _PORTD 0008                    u52_20 0122  
                  u52_21 0121                    u53_20 012E                    u53_21 012D  
                  u54_20 013D                    u54_21 013C                    u47_20 00F2  
                  u47_21 00F1                    u48_20 00F8                    u48_21 00F7  
                  u49_20 0102                    u49_21 0101                    _TRISA 0085  
                  _TRISB 0086                    _TRISC 0087                    _TRISD 0088  
                  _flags 007A                    _tabla 0020                    _setup 01A7  
                  pclath 000A                    status 0003                    wtemp0 007E  
        __initialization 000F             __end_of_main 020F                   ??_main 0038  
       ___awdiv@dividend 0075                   ?_setup 0070                   _ANSELH 0189  
                 i1l1031 00F8                   i1l1041 010D                   i1l1033 00FE  
                 i1l1043 010F                   i1l1051 0118                   i1l1035 0102  
                 i1l1027 00EE                   i1l1061 0129                   i1l1053 011C  
                 i1l1045 0113                   i1l1037 0106                   i1l1029 00F2  
                 i1l1063 012E                   i1l1071 0142                   i1l1055 011D  
                 i1l1047 0115                   i1l1039 0107                   i1l1073 0144  
                 i1l1065 0137                   i1l1057 0122                   i1l1049 0117  
                 i1l1067 013D                   i1l1059 0126                   i1l1069 0141  
       __end_of_displays 00EE                ??___awdiv 0077                ??___awmod 0077  
       ___awdiv@quotient 0032          ___awmod@divisor 0073          ___awmod@counter 0030  
                 saved_w 007E  __end_of__initialization 0021           __pcstackCOMMON 0070  
           __pidataBANK0 0222            __end_of_setup 01E8           _OPTION_REGbits 0081  
                ??_setup 0073               __pbssBANK0 0039               __pnvCOMMON 0078  
             __pmaintext 01E8               __pintentry 0004                ?_displays 0070  
                ___awdiv 0025                  ___awmod 014C                  _decenas 003D  
                __ptext1 01A7                  __ptext2 008E                  __ptext3 014C  
                __ptext4 0025                  __ptext5 00EE                _T1CONbits 0010  
       ___awmod@dividend 0075                  _residuo 0078               ??_displays 0034  
   end_of_initialization 0021                _PORTBbits 0006      start_initialization 000F  
            __end_of_isr 014C               init_fetch0 020F              __pdataBANK0 0020  
            __pbssCOMMON 007A                ___latbits 0002            __pcstackBANK0 0030  
              __pnvBANK0 003C                 ?___awdiv 0073                 ?___awmod 0073  
      interrupt_function 0004                 _IOCBbits 0096                 _PIE1bits 008C  
               _PIR1bits 000C              _display_val 0039                 _WPUBbits 0095  
               _centenas 0079                 _displays 008E                 _unidades 003C  
             _INTCONbits 000B                 init_ram0 0213                 intlevel1 0000  
             _OSCCONbits 008F  
